sports-core/build/intermediates/manifest_merge_blame_file/debug/manifest-merger-blame-debug-report.txt
1<?xml version="1.0" encoding="utf-8"?>
2<manifest xmlns:android="http://schemas.android.com/apk/res/android"
3    package="com.gtmc.step.sports_core"
4    android:versionCode="100"
5    android:versionName="1.1.0" >
6
7    <uses-sdk
8        android:minSdkVersion="19"
8-->src/main/AndroidManifest.xml
9        android:targetSdkVersion="28" />
9-->src/main/AndroidManifest.xml
10
11    <uses-permission android:name="android.permission.READ_EXTERNAL_STORAGE" />
11-->src/main/AndroidManifest.xml:4:5-80
11-->src/main/AndroidManifest.xml:4:22-77
12    <uses-permission android:name="android.permission.WRITE_EXTERNAL_STORAGE" />
12-->src/main/AndroidManifest.xml:5:5-81
12-->src/main/AndroidManifest.xml:5:22-78
13    <uses-permission android:name="android.permission.WAKE_LOCK" />
13-->src/main/AndroidManifest.xml:6:5-68
13-->src/main/AndroidManifest.xml:6:22-65
14    <uses-permission android:name="android.permission.RECEIVE_BOOT_COMPLETED" />
14-->src/main/AndroidManifest.xml:7:5-81
14-->src/main/AndroidManifest.xml:7:22-78
15    <uses-permission android:name="com.android.launcher.permission.READ_SETTINGS" />
15-->src/main/AndroidManifest.xml:8:5-85
15-->src/main/AndroidManifest.xml:8:22-82
16
17    <!-- 协处理器计步权限 -->
18    <uses-feature
18-->src/main/AndroidManifest.xml:11:5-13:35
19        android:name="android.hardware.sensor.stepcounter"
19-->src/main/AndroidManifest.xml:12:9-59
20        android:required="true" />
20-->src/main/AndroidManifest.xml:13:9-32
21    <uses-feature
21-->src/main/AndroidManifest.xml:14:5-16:35
22        android:name="android.hardware.sensor.stepdetector"
22-->src/main/AndroidManifest.xml:15:9-60
23        android:required="true" />
23-->src/main/AndroidManifest.xml:16:9-32
24
25    <application>
25-->src/main/AndroidManifest.xml:18:5-58:19
26
27        <!-- 计步Service -->
28        <service
28-->src/main/AndroidManifest.xml:21:9-38:19
29            android:name="com.gtmc.sports_core.TodayStepService"
29-->src/main/AndroidManifest.xml:22:13-65
30            android:enabled="true"
30-->src/main/AndroidManifest.xml:23:13-35
31            android:exported="false"
31-->src/main/AndroidManifest.xml:24:13-37
32            android:priority="1000"
32-->src/main/AndroidManifest.xml:26:13-36
33            android:process=":todaystep" >
33-->src/main/AndroidManifest.xml:25:13-41
34            <intent-filter>
34-->src/main/AndroidManifest.xml:27:13-37:29
35
36                <!-- 系统启动完成后会调用 -->
37                <action android:name="android.intent.action.BOOT_COMPLETED" />
37-->src/main/AndroidManifest.xml:30:17-79
37-->src/main/AndroidManifest.xml:30:25-76
38                <action android:name="android.intent.action.DATE_CHANGED" />
38-->src/main/AndroidManifest.xml:31:17-77
38-->src/main/AndroidManifest.xml:31:25-74
39                <action android:name="android.intent.action.MEDIA_MOUNTED" />
39-->src/main/AndroidManifest.xml:32:17-78
39-->src/main/AndroidManifest.xml:32:25-75
40                <action android:name="android.intent.action.USER_PRESENT" />
40-->src/main/AndroidManifest.xml:33:17-77
40-->src/main/AndroidManifest.xml:33:25-74
41                <action android:name="android.intent.action.ACTION_TIME_TICK" />
41-->src/main/AndroidManifest.xml:34:17-81
41-->src/main/AndroidManifest.xml:34:25-78
42                <action android:name="android.intent.action.ACTION_POWER_CONNECTED" />
42-->src/main/AndroidManifest.xml:35:17-87
42-->src/main/AndroidManifest.xml:35:25-84
43                <action android:name="android.intent.action.ACTION_POWER_DISCONNECTED" />
43-->src/main/AndroidManifest.xml:36:17-90
43-->src/main/AndroidManifest.xml:36:25-87
44            </intent-filter>
45        </service>
46
47        <!-- 开机自启动 -->
48        <receiver
48-->src/main/AndroidManifest.xml:41:9-48:20
49            android:name="com.gtmc.sports_core.TodayStepBootCompleteReceiver"
49-->src/main/AndroidManifest.xml:42:13-78
50            android:enabled="true"
50-->src/main/AndroidManifest.xml:43:13-35
51            android:exported="false" >
51-->src/main/AndroidManifest.xml:44:13-37
52            <intent-filter>
52-->src/main/AndroidManifest.xml:45:13-47:29
53                <action android:name="android.intent.action.BOOT_COMPLETED" />
53-->src/main/AndroidManifest.xml:30:17-79
53-->src/main/AndroidManifest.xml:30:25-76
54            </intent-filter>
55        </receiver>
56
57        <!-- 关机广播 -->
58        <receiver android:name="com.gtmc.sports_core.TodayStepShutdownReceiver" >
58-->src/main/AndroidManifest.xml:51:9-56:20
58-->src/main/AndroidManifest.xml:51:19-80
59            <intent-filter>
59-->src/main/AndroidManifest.xml:52:13-55:29
60
61                <!-- 关机广播 -->
62                <action android:name="android.intent.action.ACTION_SHUTDOWN" />
62-->src/main/AndroidManifest.xml:54:17-80
62-->src/main/AndroidManifest.xml:54:25-77
63            </intent-filter>
64        </receiver>
65    </application>
66
67</manifest>